
> next-app@0.1.0 build
> next build

   ▲ Next.js 14.1.0
   - Experiments (use at your own risk):
     · optimizeCss

   Linting and checking validity of types ...
Failed to compile.

./pages/_app.tsx:7:42
Type error: Cannot use namespace 'AppProps' as a type.

[0m [90m  5 |[39m [36mimport[39m { [33mThemeProvider[39m } [36mfrom[39m [32m'@shared/components'[39m[33m;[39m[0m
[0m [90m  6 |[39m[0m
[0m[31m[1m>[22m[39m[90m  7 |[39m [36mfunction[39m [33mMyApp[39m({ [33mComponent[39m[33m,[39m pageProps }[33m:[39m [33mAppProps[39m) {[0m
[0m [90m    |[39m                                          [31m[1m^[22m[39m[0m
[0m [90m  8 |[39m   [36mreturn[39m ([0m
[0m [90m  9 |[39m     [33m<[39m[33mThemeProvider[39m[33m>[39m[0m
[0m [90m 10 |[39m       [33m<[39m[33mProvider[39m[33m>[39m[0m
npm error Lifecycle script `build` failed with error:
npm error code 1
npm error path E:\Workspace\Templates\Nexpo-main\apps\next
npm error workspace next-app@0.1.0
npm error location E:\Workspace\Templates\Nexpo-main\apps\next
npm error command failed
npm error command C:\WINDOWS\system32\cmd.exe /d /s /c next build
