2025-11-07T14:40:13.051130Z  INFO tailwindcss_oxide::scanner: Provided sources:
2025-11-07T14:40:13.051267Z  INFO tailwindcss_oxide::scanner: Source: PublicSourceEntry { base: "E:\\Workspace\\Templates\\Weave\\apps\\nexpo\\nextWeb", pattern: "**/*", negated: false }
2025-11-07T14:40:13.051539Z  INFO tailwindcss_oxide::scanner: Optimized sources:
2025-11-07T14:40:13.051566Z  INFO tailwindcss_oxide::scanner: Source: Auto { base: "E:\\Workspace\\Templates\\Weave\\apps\\nexpo\\nextWeb" }
2025-11-07T14:40:13.054779Z  INFO scan_sources: tailwindcss_oxide::scanner: enter
2025-11-07T14:40:13.057064Z  INFO scan_sources: tailwindcss_oxide::scanner: Discovering "E:\\Workspace\\Templates\\Weave\\apps\\nexpo\\nextWeb\\components"
2025-11-07T14:40:13.057922Z  INFO scan_sources: tailwindcss_oxide::scanner: Discovering "E:\\Workspace\\Templates\\Weave\\apps\\nexpo\\nextWeb\\components\\Navigation.tsx"
2025-11-07T14:40:13.058062Z  INFO scan_sources: tailwindcss_oxide::scanner: Discovering "E:\\Workspace\\Templates\\Weave\\apps\\nexpo\\nextWeb\\components\\WebExclusiveScreen.tsx"
2025-11-07T14:40:13.058136Z  INFO scan_sources: tailwindcss_oxide::scanner: Discovering "E:\\Workspace\\Templates\\Weave\\apps\\nexpo\\nextWeb\\components\\WebHeader.tsx"
2025-11-07T14:40:13.058225Z  INFO scan_sources: tailwindcss_oxide::scanner: Discovering "E:\\Workspace\\Templates\\Weave\\apps\\nexpo\\nextWeb\\middleware.ts"
2025-11-07T14:40:13.058290Z  INFO scan_sources: tailwindcss_oxide::scanner: Discovering "E:\\Workspace\\Templates\\Weave\\apps\\nexpo\\nextWeb\\next-env.d.ts"
2025-11-07T14:40:13.058381Z  INFO scan_sources: tailwindcss_oxide::scanner: Discovering "E:\\Workspace\\Templates\\Weave\\apps\\nexpo\\nextWeb\\next-sitemap.config.js"
2025-11-07T14:40:13.058447Z  INFO scan_sources: tailwindcss_oxide::scanner: Discovering "E:\\Workspace\\Templates\\Weave\\apps\\nexpo\\nextWeb\\next.config.js"
2025-11-07T14:40:13.058661Z  INFO scan_sources: tailwindcss_oxide::scanner: Discovering "E:\\Workspace\\Templates\\Weave\\apps\\nexpo\\nextWeb\\package.json"
2025-11-07T14:40:13.058760Z  INFO scan_sources: tailwindcss_oxide::scanner: Discovering "E:\\Workspace\\Templates\\Weave\\apps\\nexpo\\nextWeb\\pages"
2025-11-07T14:40:13.059004Z  INFO scan_sources: tailwindcss_oxide::scanner: Discovering "E:\\Workspace\\Templates\\Weave\\apps\\nexpo\\nextWeb\\pages\\api"
2025-11-07T14:40:13.059193Z  INFO scan_sources: tailwindcss_oxide::scanner: Discovering "E:\\Workspace\\Templates\\Weave\\apps\\nexpo\\nextWeb\\pages\\api\\auth"
2025-11-07T14:40:13.059336Z  INFO scan_sources: tailwindcss_oxide::scanner: Discovering "E:\\Workspace\\Templates\\Weave\\apps\\nexpo\\nextWeb\\pages\\api\\auth\\token.ts"
2025-11-07T14:40:13.059439Z  INFO scan_sources: tailwindcss_oxide::scanner: Discovering "E:\\Workspace\\Templates\\Weave\\apps\\nexpo\\nextWeb\\pages\\api\\auth\\[...auth0].ts"
2025-11-07T14:40:13.059580Z  INFO scan_sources: tailwindcss_oxide::scanner: Discovering "E:\\Workspace\\Templates\\Weave\\apps\\nexpo\\nextWeb\\pages\\dashboard.tsx"
2025-11-07T14:40:13.059665Z  INFO scan_sources: tailwindcss_oxide::scanner: Discovering "E:\\Workspace\\Templates\\Weave\\apps\\nexpo\\nextWeb\\pages\\docs.tsx"
2025-11-07T14:40:13.059747Z  INFO scan_sources: tailwindcss_oxide::scanner: Discovering "E:\\Workspace\\Templates\\Weave\\apps\\nexpo\\nextWeb\\pages\\features.tsx"
2025-11-07T14:40:13.059832Z  INFO scan_sources: tailwindcss_oxide::scanner: Discovering "E:\\Workspace\\Templates\\Weave\\apps\\nexpo\\nextWeb\\pages\\forgot-password.tsx"
2025-11-07T14:40:13.059931Z  INFO scan_sources: tailwindcss_oxide::scanner: Discovering "E:\\Workspace\\Templates\\Weave\\apps\\nexpo\\nextWeb\\pages\\index.tsx"
2025-11-07T14:40:13.060021Z  INFO scan_sources: tailwindcss_oxide::scanner: Discovering "E:\\Workspace\\Templates\\Weave\\apps\\nexpo\\nextWeb\\pages\\login.tsx"
2025-11-07T14:40:13.060107Z  INFO scan_sources: tailwindcss_oxide::scanner: Discovering "E:\\Workspace\\Templates\\Weave\\apps\\nexpo\\nextWeb\\pages\\pricing.tsx"
2025-11-07T14:40:13.060189Z  INFO scan_sources: tailwindcss_oxide::scanner: Discovering "E:\\Workspace\\Templates\\Weave\\apps\\nexpo\\nextWeb\\pages\\profile.tsx"
2025-11-07T14:40:13.060323Z  INFO scan_sources: tailwindcss_oxide::scanner: Discovering "E:\\Workspace\\Templates\\Weave\\apps\\nexpo\\nextWeb\\pages\\signin.tsx"
2025-11-07T14:40:13.060412Z  INFO scan_sources: tailwindcss_oxide::scanner: Discovering "E:\\Workspace\\Templates\\Weave\\apps\\nexpo\\nextWeb\\pages\\test.tsx"
2025-11-07T14:40:13.060548Z  INFO scan_sources: tailwindcss_oxide::scanner: Discovering "E:\\Workspace\\Templates\\Weave\\apps\\nexpo\\nextWeb\\pages\\web-exclusive"
2025-11-07T14:40:13.060723Z  INFO scan_sources: tailwindcss_oxide::scanner: Discovering "E:\\Workspace\\Templates\\Weave\\apps\\nexpo\\nextWeb\\pages\\web-exclusive\\index.tsx"
2025-11-07T14:40:13.060823Z  INFO scan_sources: tailwindcss_oxide::scanner: Discovering "E:\\Workspace\\Templates\\Weave\\apps\\nexpo\\nextWeb\\pages\\_app.tsx"
2025-11-07T14:40:13.060907Z  INFO scan_sources: tailwindcss_oxide::scanner: Discovering "E:\\Workspace\\Templates\\Weave\\apps\\nexpo\\nextWeb\\postcss.config.js"
2025-11-07T14:40:13.061039Z  INFO scan_sources: tailwindcss_oxide::scanner: Discovering "E:\\Workspace\\Templates\\Weave\\apps\\nexpo\\nextWeb\\public"
2025-11-07T14:40:13.061231Z  INFO scan_sources: tailwindcss_oxide::scanner: Discovering "E:\\Workspace\\Templates\\Weave\\apps\\nexpo\\nextWeb\\public\\robots.txt"
2025-11-07T14:40:13.061408Z  INFO scan_sources: tailwindcss_oxide::scanner: Discovering "E:\\Workspace\\Templates\\Weave\\apps\\nexpo\\nextWeb\\SEO"
2025-11-07T14:40:13.061586Z  INFO scan_sources: tailwindcss_oxide::scanner: Discovering "E:\\Workspace\\Templates\\Weave\\apps\\nexpo\\nextWeb\\SEO\\default-seo.config.ts"
2025-11-07T14:40:13.061754Z  INFO scan_sources: tailwindcss_oxide::scanner: Discovering "E:\\Workspace\\Templates\\Weave\\apps\\nexpo\\nextWeb\\src"
2025-11-07T14:40:13.061974Z  INFO scan_sources: tailwindcss_oxide::scanner: Discovering "E:\\Workspace\\Templates\\Weave\\apps\\nexpo\\nextWeb\\src\\components"
2025-11-07T14:40:13.062186Z  INFO scan_sources: tailwindcss_oxide::scanner: Discovering "E:\\Workspace\\Templates\\Weave\\apps\\nexpo\\nextWeb\\src\\components\\desktop"
2025-11-07T14:40:13.062362Z  INFO scan_sources: tailwindcss_oxide::scanner: Discovering "E:\\Workspace\\Templates\\Weave\\apps\\nexpo\\nextWeb\\src\\components\\desktop\\DesktopFeaturePanel.module.css"
2025-11-07T14:40:13.062463Z  INFO scan_sources: tailwindcss_oxide::scanner: Discovering "E:\\Workspace\\Templates\\Weave\\apps\\nexpo\\nextWeb\\src\\components\\desktop\\DesktopFeaturePanel.tsx"
2025-11-07T14:40:13.062569Z  INFO scan_sources: tailwindcss_oxide::scanner: Discovering "E:\\Workspace\\Templates\\Weave\\apps\\nexpo\\nextWeb\\src\\components\\desktop\\DesktopLayout.module.css"
2025-11-07T14:40:13.062674Z  INFO scan_sources: tailwindcss_oxide::scanner: Discovering "E:\\Workspace\\Templates\\Weave\\apps\\nexpo\\nextWeb\\src\\components\\desktop\\DesktopLayout.tsx"
2025-11-07T14:40:13.062761Z  INFO scan_sources: tailwindcss_oxide::scanner: Discovering "E:\\Workspace\\Templates\\Weave\\apps\\nexpo\\nextWeb\\src\\components\\desktop\\index.ts"
2025-11-07T14:40:13.062960Z  INFO scan_sources: tailwindcss_oxide::scanner: Discovering "E:\\Workspace\\Templates\\Weave\\apps\\nexpo\\nextWeb\\src\\hooks"
2025-11-07T14:40:13.063143Z  INFO scan_sources: tailwindcss_oxide::scanner: Discovering "E:\\Workspace\\Templates\\Weave\\apps\\nexpo\\nextWeb\\src\\hooks\\useDesktopFeatures.ts"
2025-11-07T14:40:13.063298Z  INFO scan_sources: tailwindcss_oxide::scanner: Discovering "E:\\Workspace\\Templates\\Weave\\apps\\nexpo\\nextWeb\\src\\pages"
2025-11-07T14:40:13.063475Z  INFO scan_sources: tailwindcss_oxide::scanner: Discovering "E:\\Workspace\\Templates\\Weave\\apps\\nexpo\\nextWeb\\src\\pages\\desktop.tsx"
2025-11-07T14:40:13.063587Z  INFO scan_sources: tailwindcss_oxide::scanner: Discovering "E:\\Workspace\\Templates\\Weave\\apps\\nexpo\\nextWeb\\src\\supabaseClient.ts"
2025-11-07T14:40:13.063726Z  INFO scan_sources: tailwindcss_oxide::scanner: Discovering "E:\\Workspace\\Templates\\Weave\\apps\\nexpo\\nextWeb\\src\\TauriDesktopApp.md"
2025-11-07T14:40:13.063937Z  INFO scan_sources: tailwindcss_oxide::scanner: Discovering "E:\\Workspace\\Templates\\Weave\\apps\\nexpo\\nextWeb\\styles"
2025-11-07T14:40:13.064118Z  INFO scan_sources: tailwindcss_oxide::scanner: Discovering "E:\\Workspace\\Templates\\Weave\\apps\\nexpo\\nextWeb\\styles\\globals.css"
2025-11-07T14:40:13.064239Z  INFO scan_sources: tailwindcss_oxide::scanner: Discovering "E:\\Workspace\\Templates\\Weave\\apps\\nexpo\\nextWeb\\tailwind.config.js"
2025-11-07T14:40:13.064425Z  INFO scan_sources: tailwindcss_oxide::scanner: Discovering "E:\\Workspace\\Templates\\Weave\\apps\\nexpo\\nextWeb\\tsconfig.json"
2025-11-07T14:40:13.064575Z  INFO scan_sources: tailwindcss_oxide::scanner: Discovering "E:\\Workspace\\Templates\\Weave\\apps\\nexpo\\nextWeb\\types"
2025-11-07T14:40:13.064754Z  INFO scan_sources: tailwindcss_oxide::scanner: Discovering "E:\\Workspace\\Templates\\Weave\\apps\\nexpo\\nextWeb\\types\\jsx.d.ts"
2025-11-07T14:40:13.064853Z  INFO scan_sources: tailwindcss_oxide::scanner: Discovering "E:\\Workspace\\Templates\\Weave\\apps\\nexpo\\nextWeb\\types\\react-native.d.ts"
2025-11-07T14:40:13.064973Z  INFO scan_sources: tailwindcss_oxide::scanner: Discovering "E:\\Workspace\\Templates\\Weave\\apps\\nexpo\\nextWeb\\types.d.ts"
2025-11-07T14:40:13.065126Z  INFO scan_sources: tailwindcss_oxide::scanner: exit
2025-11-07T14:40:13.065150Z  INFO extract_candidates: tailwindcss_oxide::scanner: enter
2025-11-07T14:40:13.065166Z  INFO extract_candidates:read_all_files: tailwindcss_oxide::scanner: enter
2025-11-07T14:40:13.065179Z  INFO extract_candidates:read_all_files: tailwindcss_oxide::scanner: Reading 37 file(s)
2025-11-07T14:40:13.066589Z  INFO tailwindcss_oxide::scanner: Reading "E:\\Workspace\\Templates\\Weave\\apps\\nexpo\\nextWeb\\src\\components\\desktop\\index.ts"
2025-11-07T14:40:13.066624Z  INFO tailwindcss_oxide::scanner: Reading "E:\\Workspace\\Templates\\Weave\\apps\\nexpo\\nextWeb\\pages\\dashboard.tsx"
2025-11-07T14:40:13.066631Z  INFO tailwindcss_oxide::scanner: Reading "E:\\Workspace\\Templates\\Weave\\apps\\nexpo\\nextWeb\\pages\\signin.tsx"
2025-11-07T14:40:13.066579Z  INFO tailwindcss_oxide::scanner: Reading "E:\\Workspace\\Templates\\Weave\\apps\\nexpo\\nextWeb\\pages\\forgot-password.tsx"
2025-11-07T14:40:13.066619Z  INFO tailwindcss_oxide::scanner: Reading "E:\\Workspace\\Templates\\Weave\\apps\\nexpo\\nextWeb\\next-env.d.ts"
2025-11-07T14:40:13.066735Z  INFO tailwindcss_oxide::scanner: Reading "E:\\Workspace\\Templates\\Weave\\apps\\nexpo\\nextWeb\\pages\\login.tsx"
2025-11-07T14:40:13.066578Z  INFO tailwindcss_oxide::scanner: Reading "E:\\Workspace\\Templates\\Weave\\apps\\nexpo\\nextWeb\\postcss.config.js"
2025-11-07T14:40:13.066660Z  INFO tailwindcss_oxide::scanner: Reading "E:\\Workspace\\Templates\\Weave\\apps\\nexpo\\nextWeb\\pages\\docs.tsx"
2025-11-07T14:40:13.066843Z  INFO tailwindcss_oxide::scanner: Reading "E:\\Workspace\\Templates\\Weave\\apps\\nexpo\\nextWeb\\pages\\index.tsx"
2025-11-07T14:40:13.066665Z  INFO tailwindcss_oxide::scanner: Reading "E:\\Workspace\\Templates\\Weave\\apps\\nexpo\\nextWeb\\pages\\api\\auth\\[...auth0].ts"
2025-11-07T14:40:13.066886Z  INFO tailwindcss_oxide::scanner: Reading "E:\\Workspace\\Templates\\Weave\\apps\\nexpo\\nextWeb\\pages\\pricing.tsx"
2025-11-07T14:40:13.066756Z  INFO tailwindcss_oxide::scanner: Reading "E:\\Workspace\\Templates\\Weave\\apps\\nexpo\\nextWeb\\src\\hooks\\useDesktopFeatures.ts"
2025-11-07T14:40:13.066945Z  INFO tailwindcss_oxide::scanner: Reading "E:\\Workspace\\Templates\\Weave\\apps\\nexpo\\nextWeb\\components\\WebExclusiveScreen.tsx"
2025-11-07T14:40:13.066967Z  INFO tailwindcss_oxide::scanner: Reading "E:\\Workspace\\Templates\\Weave\\apps\\nexpo\\nextWeb\\pages\\web-exclusive\\index.tsx"
2025-11-07T14:40:13.066675Z  INFO tailwindcss_oxide::scanner: Reading "E:\\Workspace\\Templates\\Weave\\apps\\nexpo\\nextWeb\\components\\Navigation.tsx"
2025-11-07T14:40:13.067017Z  INFO tailwindcss_oxide::scanner: Reading "E:\\Workspace\\Templates\\Weave\\apps\\nexpo\\nextWeb\\next.config.js"
2025-11-07T14:40:13.067058Z  INFO tailwindcss_oxide::scanner: Reading "E:\\Workspace\\Templates\\Weave\\apps\\nexpo\\nextWeb\\pages\\profile.tsx"
2025-11-07T14:40:13.067076Z  INFO tailwindcss_oxide::scanner: Reading "E:\\Workspace\\Templates\\Weave\\apps\\nexpo\\nextWeb\\package.json"
2025-11-07T14:40:13.066944Z  INFO tailwindcss_oxide::scanner: Reading "E:\\Workspace\\Templates\\Weave\\apps\\nexpo\\nextWeb\\public\\robots.txt"
2025-11-07T14:40:13.066773Z  INFO tailwindcss_oxide::scanner: Reading "E:\\Workspace\\Templates\\Weave\\apps\\nexpo\\nextWeb\\pages\\features.tsx"
2025-11-07T14:40:13.067165Z  INFO tailwindcss_oxide::scanner: Reading "E:\\Workspace\\Templates\\Weave\\apps\\nexpo\\nextWeb\\pages\\api\\auth\\token.ts"
2025-11-07T14:40:13.067007Z  INFO tailwindcss_oxide::scanner: Reading "E:\\Workspace\\Templates\\Weave\\apps\\nexpo\\nextWeb\\src\\pages\\desktop.tsx"
2025-11-07T14:40:13.067009Z  INFO tailwindcss_oxide::scanner: Reading "E:\\Workspace\\Templates\\Weave\\apps\\nexpo\\nextWeb\\tailwind.config.js"
2025-11-07T14:40:13.066818Z  INFO tailwindcss_oxide::scanner: Reading "E:\\Workspace\\Templates\\Weave\\apps\\nexpo\\nextWeb\\SEO\\default-seo.config.ts"
2025-11-07T14:40:13.066898Z  INFO tailwindcss_oxide::scanner: Reading "E:\\Workspace\\Templates\\Weave\\apps\\nexpo\\nextWeb\\next-sitemap.config.js"
2025-11-07T14:40:13.066644Z  INFO tailwindcss_oxide::scanner: Reading "E:\\Workspace\\Templates\\Weave\\apps\\nexpo\\nextWeb\\components\\WebHeader.tsx"
2025-11-07T14:40:13.067090Z  INFO tailwindcss_oxide::scanner: Reading "E:\\Workspace\\Templates\\Weave\\apps\\nexpo\\nextWeb\\pages\\_app.tsx"
2025-11-07T14:40:13.067090Z  INFO tailwindcss_oxide::scanner: Reading "E:\\Workspace\\Templates\\Weave\\apps\\nexpo\\nextWeb\\src\\components\\desktop\\DesktopFeaturePanel.tsx"
2025-11-07T14:40:13.067083Z  INFO tailwindcss_oxide::scanner: Reading "E:\\Workspace\\Templates\\Weave\\apps\\nexpo\\nextWeb\\middleware.ts"
2025-11-07T14:40:13.067149Z  INFO tailwindcss_oxide::scanner: Reading "E:\\Workspace\\Templates\\Weave\\apps\\nexpo\\nextWeb\\src\\TauriDesktopApp.md"
2025-11-07T14:40:13.067160Z  INFO tailwindcss_oxide::scanner: Reading "E:\\Workspace\\Templates\\Weave\\apps\\nexpo\\nextWeb\\src\\components\\desktop\\DesktopLayout.tsx"
2025-11-07T14:40:13.066791Z  INFO tailwindcss_oxide::scanner: Reading "E:\\Workspace\\Templates\\Weave\\apps\\nexpo\\nextWeb\\pages\\test.tsx"
2025-11-07T14:40:13.067182Z  INFO tailwindcss_oxide::scanner: Reading "E:\\Workspace\\Templates\\Weave\\apps\\nexpo\\nextWeb\\src\\supabaseClient.ts"
2025-11-07T14:40:13.067234Z  INFO tailwindcss_oxide::scanner: Reading "E:\\Workspace\\Templates\\Weave\\apps\\nexpo\\nextWeb\\types\\jsx.d.ts"
2025-11-07T14:40:13.067241Z  INFO tailwindcss_oxide::scanner: Reading "E:\\Workspace\\Templates\\Weave\\apps\\nexpo\\nextWeb\\types\\react-native.d.ts"
2025-11-07T14:40:13.067296Z  INFO tailwindcss_oxide::scanner: Reading "E:\\Workspace\\Templates\\Weave\\apps\\nexpo\\nextWeb\\tsconfig.json"
2025-11-07T14:40:13.067299Z  INFO tailwindcss_oxide::scanner: Reading "E:\\Workspace\\Templates\\Weave\\apps\\nexpo\\nextWeb\\types.d.ts"
2025-11-07T14:40:13.067875Z  INFO extract_candidates:read_all_files: tailwindcss_oxide::scanner: exit
2025-11-07T14:40:13.067920Z  INFO extract_candidates:parse_all_blobs: tailwindcss_oxide::scanner: enter
2025-11-07T14:40:13.067949Z  INFO extract_candidates:parse_all_blobs:extract: tailwindcss_oxide::scanner: enter
2025-11-07T14:40:13.069342Z  INFO extract_candidates:parse_all_blobs:extract: tailwindcss_oxide::scanner: exit
2025-11-07T14:40:13.069386Z  INFO extract_candidates:parse_all_blobs: tailwindcss_oxide::scanner: exit
2025-11-07T14:40:13.069403Z  INFO extract_candidates:read_all_files: tailwindcss_oxide::scanner: enter
2025-11-07T14:40:13.069414Z  INFO extract_candidates:read_all_files: tailwindcss_oxide::scanner: Reading 3 file(s)
2025-11-07T14:40:13.069586Z  INFO tailwindcss_oxide::scanner: Reading "E:\\Workspace\\Templates\\Weave\\apps\\nexpo\\nextWeb\\src\\components\\desktop\\DesktopFeaturePanel.module.css"
2025-11-07T14:40:13.069600Z  INFO tailwindcss_oxide::scanner: Reading "E:\\Workspace\\Templates\\Weave\\apps\\nexpo\\nextWeb\\src\\components\\desktop\\DesktopLayout.module.css"
2025-11-07T14:40:13.069614Z  INFO tailwindcss_oxide::scanner: Reading "E:\\Workspace\\Templates\\Weave\\apps\\nexpo\\nextWeb\\styles\\globals.css"
2025-11-07T14:40:13.069764Z  INFO extract_candidates:read_all_files: tailwindcss_oxide::scanner: exit
2025-11-07T14:40:13.069805Z  INFO extract_candidates:extract_css_variables: tailwindcss_oxide::scanner: enter
2025-11-07T14:40:13.069815Z  INFO extract_candidates:extract_css_variables:extract: tailwindcss_oxide::scanner: enter
2025-11-07T14:40:13.070150Z  INFO extract_candidates:extract_css_variables:extract: tailwindcss_oxide::scanner: exit
2025-11-07T14:40:13.070184Z  INFO extract_candidates:extract_css_variables: tailwindcss_oxide::scanner: exit
2025-11-07T14:40:13.071342Z  INFO extract_candidates: tailwindcss_oxide::scanner: exit
2025-11-07T14:40:13.072062Z  INFO get_files: tailwindcss_oxide::scanner: enter
2025-11-07T14:40:13.073018Z  INFO get_files:scan_sources: tailwindcss_oxide::scanner: enter
2025-11-07T14:40:13.075377Z  INFO get_files:scan_sources: tailwindcss_oxide::scanner: Discovering "E:\\Workspace\\Templates\\Weave\\apps\\nexpo\\nextWeb\\components"
2025-11-07T14:40:13.076332Z  INFO get_files:scan_sources: tailwindcss_oxide::scanner: Discovering "E:\\Workspace\\Templates\\Weave\\apps\\nexpo\\nextWeb\\pages"
2025-11-07T14:40:13.076560Z  INFO get_files:scan_sources: tailwindcss_oxide::scanner: Discovering "E:\\Workspace\\Templates\\Weave\\apps\\nexpo\\nextWeb\\pages\\api"
2025-11-07T14:40:13.076781Z  INFO get_files:scan_sources: tailwindcss_oxide::scanner: Discovering "E:\\Workspace\\Templates\\Weave\\apps\\nexpo\\nextWeb\\pages\\api\\auth"
2025-11-07T14:40:13.077646Z  INFO get_files:scan_sources: tailwindcss_oxide::scanner: Discovering "E:\\Workspace\\Templates\\Weave\\apps\\nexpo\\nextWeb\\pages\\web-exclusive"
2025-11-07T14:40:13.078051Z  INFO get_files:scan_sources: tailwindcss_oxide::scanner: Discovering "E:\\Workspace\\Templates\\Weave\\apps\\nexpo\\nextWeb\\public"
2025-11-07T14:40:13.078343Z  INFO get_files:scan_sources: tailwindcss_oxide::scanner: Discovering "E:\\Workspace\\Templates\\Weave\\apps\\nexpo\\nextWeb\\SEO"
2025-11-07T14:40:13.078610Z  INFO get_files:scan_sources: tailwindcss_oxide::scanner: Discovering "E:\\Workspace\\Templates\\Weave\\apps\\nexpo\\nextWeb\\src"
2025-11-07T14:40:13.078819Z  INFO get_files:scan_sources: tailwindcss_oxide::scanner: Discovering "E:\\Workspace\\Templates\\Weave\\apps\\nexpo\\nextWeb\\src\\components"
2025-11-07T14:40:13.079022Z  INFO get_files:scan_sources: tailwindcss_oxide::scanner: Discovering "E:\\Workspace\\Templates\\Weave\\apps\\nexpo\\nextWeb\\src\\components\\desktop"
2025-11-07T14:40:13.079520Z  INFO get_files:scan_sources: tailwindcss_oxide::scanner: Discovering "E:\\Workspace\\Templates\\Weave\\apps\\nexpo\\nextWeb\\src\\hooks"
2025-11-07T14:40:13.079803Z  INFO get_files:scan_sources: tailwindcss_oxide::scanner: Discovering "E:\\Workspace\\Templates\\Weave\\apps\\nexpo\\nextWeb\\src\\pages"
2025-11-07T14:40:13.080178Z  INFO get_files:scan_sources: tailwindcss_oxide::scanner: Discovering "E:\\Workspace\\Templates\\Weave\\apps\\nexpo\\nextWeb\\styles"
2025-11-07T14:40:13.080597Z  INFO get_files:scan_sources: tailwindcss_oxide::scanner: Discovering "E:\\Workspace\\Templates\\Weave\\apps\\nexpo\\nextWeb\\types"
2025-11-07T14:40:13.080973Z  INFO get_files:scan_sources: tailwindcss_oxide::scanner: exit
2025-11-07T14:40:13.081430Z  INFO get_files: tailwindcss_oxide::scanner: exit
2025-11-07T14:40:13.081669Z  INFO get_globs: tailwindcss_oxide::scanner: enter
2025-11-07T14:40:13.081686Z  INFO get_globs:scan_sources: tailwindcss_oxide::scanner: enter
2025-11-07T14:40:13.083255Z  INFO get_globs:scan_sources: tailwindcss_oxide::scanner: Discovering "E:\\Workspace\\Templates\\Weave\\apps\\nexpo\\nextWeb\\components"
2025-11-07T14:40:13.083879Z  INFO get_globs:scan_sources: tailwindcss_oxide::scanner: Discovering "E:\\Workspace\\Templates\\Weave\\apps\\nexpo\\nextWeb\\pages"
2025-11-07T14:40:13.084087Z  INFO get_globs:scan_sources: tailwindcss_oxide::scanner: Discovering "E:\\Workspace\\Templates\\Weave\\apps\\nexpo\\nextWeb\\pages\\api"
2025-11-07T14:40:13.084245Z  INFO get_globs:scan_sources: tailwindcss_oxide::scanner: Discovering "E:\\Workspace\\Templates\\Weave\\apps\\nexpo\\nextWeb\\pages\\api\\auth"
2025-11-07T14:40:13.084818Z  INFO get_globs:scan_sources: tailwindcss_oxide::scanner: Discovering "E:\\Workspace\\Templates\\Weave\\apps\\nexpo\\nextWeb\\pages\\web-exclusive"
2025-11-07T14:40:13.085227Z  INFO get_globs:scan_sources: tailwindcss_oxide::scanner: Discovering "E:\\Workspace\\Templates\\Weave\\apps\\nexpo\\nextWeb\\public"
2025-11-07T14:40:13.085494Z  INFO get_globs:scan_sources: tailwindcss_oxide::scanner: Discovering "E:\\Workspace\\Templates\\Weave\\apps\\nexpo\\nextWeb\\SEO"
2025-11-07T14:40:13.085768Z  INFO get_globs:scan_sources: tailwindcss_oxide::scanner: Discovering "E:\\Workspace\\Templates\\Weave\\apps\\nexpo\\nextWeb\\src"
2025-11-07T14:40:13.085937Z  INFO get_globs:scan_sources: tailwindcss_oxide::scanner: Discovering "E:\\Workspace\\Templates\\Weave\\apps\\nexpo\\nextWeb\\src\\components"
2025-11-07T14:40:13.086112Z  INFO get_globs:scan_sources: tailwindcss_oxide::scanner: Discovering "E:\\Workspace\\Templates\\Weave\\apps\\nexpo\\nextWeb\\src\\components\\desktop"
2025-11-07T14:40:13.086489Z  INFO get_globs:scan_sources: tailwindcss_oxide::scanner: Discovering "E:\\Workspace\\Templates\\Weave\\apps\\nexpo\\nextWeb\\src\\hooks"
2025-11-07T14:40:13.086699Z  INFO get_globs:scan_sources: tailwindcss_oxide::scanner: Discovering "E:\\Workspace\\Templates\\Weave\\apps\\nexpo\\nextWeb\\src\\pages"
2025-11-07T14:40:13.087110Z  INFO get_globs:scan_sources: tailwindcss_oxide::scanner: Discovering "E:\\Workspace\\Templates\\Weave\\apps\\nexpo\\nextWeb\\styles"
2025-11-07T14:40:13.087617Z  INFO get_globs:scan_sources: tailwindcss_oxide::scanner: Discovering "E:\\Workspace\\Templates\\Weave\\apps\\nexpo\\nextWeb\\types"
2025-11-07T14:40:13.088034Z  INFO get_globs:scan_sources: tailwindcss_oxide::scanner: exit
2025-11-07T14:40:13.092886Z  INFO get_globs: tailwindcss_oxide::scanner: exit
2025-11-07T14:40:16.930424Z  INFO scan_sources: tailwindcss_oxide::scanner: enter
2025-11-07T14:40:16.932335Z  INFO scan_sources: tailwindcss_oxide::scanner: Discovering "E:\\Workspace\\Templates\\Weave\\apps\\nexpo\\nextWeb\\components"
2025-11-07T14:40:16.933053Z  INFO scan_sources: tailwindcss_oxide::scanner: Discovering "E:\\Workspace\\Templates\\Weave\\apps\\nexpo\\nextWeb\\package.json"
2025-11-07T14:40:16.933188Z  INFO scan_sources: tailwindcss_oxide::scanner: Discovering "E:\\Workspace\\Templates\\Weave\\apps\\nexpo\\nextWeb\\pages"
2025-11-07T14:40:16.933426Z  INFO scan_sources: tailwindcss_oxide::scanner: Discovering "E:\\Workspace\\Templates\\Weave\\apps\\nexpo\\nextWeb\\pages\\api"
2025-11-07T14:40:16.933624Z  INFO scan_sources: tailwindcss_oxide::scanner: Discovering "E:\\Workspace\\Templates\\Weave\\apps\\nexpo\\nextWeb\\pages\\api\\auth"
2025-11-07T14:40:16.934387Z  INFO scan_sources: tailwindcss_oxide::scanner: Discovering "E:\\Workspace\\Templates\\Weave\\apps\\nexpo\\nextWeb\\pages\\web-exclusive"
2025-11-07T14:40:16.934748Z  INFO scan_sources: tailwindcss_oxide::scanner: Discovering "E:\\Workspace\\Templates\\Weave\\apps\\nexpo\\nextWeb\\public"
2025-11-07T14:40:16.935017Z  INFO scan_sources: tailwindcss_oxide::scanner: Discovering "E:\\Workspace\\Templates\\Weave\\apps\\nexpo\\nextWeb\\SEO"
2025-11-07T14:40:16.935282Z  INFO scan_sources: tailwindcss_oxide::scanner: Discovering "E:\\Workspace\\Templates\\Weave\\apps\\nexpo\\nextWeb\\src"
2025-11-07T14:40:16.935484Z  INFO scan_sources: tailwindcss_oxide::scanner: Discovering "E:\\Workspace\\Templates\\Weave\\apps\\nexpo\\nextWeb\\src\\components"
2025-11-07T14:40:16.935700Z  INFO scan_sources: tailwindcss_oxide::scanner: Discovering "E:\\Workspace\\Templates\\Weave\\apps\\nexpo\\nextWeb\\src\\components\\desktop"
2025-11-07T14:40:16.936082Z  INFO scan_sources: tailwindcss_oxide::scanner: Discovering "E:\\Workspace\\Templates\\Weave\\apps\\nexpo\\nextWeb\\src\\hooks"
2025-11-07T14:40:16.936341Z  INFO scan_sources: tailwindcss_oxide::scanner: Discovering "E:\\Workspace\\Templates\\Weave\\apps\\nexpo\\nextWeb\\src\\pages"
2025-11-07T14:40:16.936727Z  INFO scan_sources: tailwindcss_oxide::scanner: Discovering "E:\\Workspace\\Templates\\Weave\\apps\\nexpo\\nextWeb\\styles"
2025-11-07T14:40:16.937162Z  INFO scan_sources: tailwindcss_oxide::scanner: Discovering "E:\\Workspace\\Templates\\Weave\\apps\\nexpo\\nextWeb\\types"
2025-11-07T14:40:16.937554Z  INFO scan_sources: tailwindcss_oxide::scanner: exit
2025-11-07T14:40:16.937581Z  INFO extract_candidates: tailwindcss_oxide::scanner: enter
2025-11-07T14:40:16.937594Z  INFO extract_candidates:read_all_files: tailwindcss_oxide::scanner: enter
2025-11-07T14:40:16.937602Z  INFO extract_candidates:read_all_files: tailwindcss_oxide::scanner: Reading 1 file(s)
2025-11-07T14:40:16.937707Z  INFO extract_candidates:read_all_files: tailwindcss_oxide::scanner: Reading "E:\\Workspace\\Templates\\Weave\\apps\\nexpo\\nextWeb\\package.json"
2025-11-07T14:40:16.937733Z  INFO extract_candidates:read_all_files: tailwindcss_oxide::scanner: exit
2025-11-07T14:40:16.937743Z  INFO extract_candidates:parse_all_blobs: tailwindcss_oxide::scanner: enter
2025-11-07T14:40:16.937753Z  INFO extract_candidates:parse_all_blobs:extract: tailwindcss_oxide::scanner: enter
2025-11-07T14:40:16.938308Z  INFO extract_candidates:parse_all_blobs:extract: tailwindcss_oxide::scanner: exit
2025-11-07T14:40:16.938343Z  INFO extract_candidates:parse_all_blobs: tailwindcss_oxide::scanner: exit
2025-11-07T14:40:16.938700Z  INFO extract_candidates: tailwindcss_oxide::scanner: exit
2025-11-07T14:40:16.939249Z  INFO get_files: tailwindcss_oxide::scanner: enter
2025-11-07T14:40:16.939275Z  INFO get_files:scan_sources: tailwindcss_oxide::scanner: enter
2025-11-07T14:40:16.940821Z  INFO get_files:scan_sources: tailwindcss_oxide::scanner: Discovering "E:\\Workspace\\Templates\\Weave\\apps\\nexpo\\nextWeb\\components"
2025-11-07T14:40:16.941440Z  INFO get_files:scan_sources: tailwindcss_oxide::scanner: Discovering "E:\\Workspace\\Templates\\Weave\\apps\\nexpo\\nextWeb\\pages"
2025-11-07T14:40:16.941601Z  INFO get_files:scan_sources: tailwindcss_oxide::scanner: Discovering "E:\\Workspace\\Templates\\Weave\\apps\\nexpo\\nextWeb\\pages\\api"
2025-11-07T14:40:16.941791Z  INFO get_files:scan_sources: tailwindcss_oxide::scanner: Discovering "E:\\Workspace\\Templates\\Weave\\apps\\nexpo\\nextWeb\\pages\\api\\auth"
2025-11-07T14:40:16.942504Z  INFO get_files:scan_sources: tailwindcss_oxide::scanner: Discovering "E:\\Workspace\\Templates\\Weave\\apps\\nexpo\\nextWeb\\pages\\web-exclusive"
2025-11-07T14:40:16.942865Z  INFO get_files:scan_sources: tailwindcss_oxide::scanner: Discovering "E:\\Workspace\\Templates\\Weave\\apps\\nexpo\\nextWeb\\public"
2025-11-07T14:40:16.943105Z  INFO get_files:scan_sources: tailwindcss_oxide::scanner: Discovering "E:\\Workspace\\Templates\\Weave\\apps\\nexpo\\nextWeb\\SEO"
2025-11-07T14:40:16.943300Z  INFO get_files:scan_sources: tailwindcss_oxide::scanner: Discovering "E:\\Workspace\\Templates\\Weave\\apps\\nexpo\\nextWeb\\src"
2025-11-07T14:40:16.943455Z  INFO get_files:scan_sources: tailwindcss_oxide::scanner: Discovering "E:\\Workspace\\Templates\\Weave\\apps\\nexpo\\nextWeb\\src\\components"
2025-11-07T14:40:16.943628Z  INFO get_files:scan_sources: tailwindcss_oxide::scanner: Discovering "E:\\Workspace\\Templates\\Weave\\apps\\nexpo\\nextWeb\\src\\components\\desktop"
2025-11-07T14:40:16.943951Z  INFO get_files:scan_sources: tailwindcss_oxide::scanner: Discovering "E:\\Workspace\\Templates\\Weave\\apps\\nexpo\\nextWeb\\src\\hooks"
2025-11-07T14:40:16.944169Z  INFO get_files:scan_sources: tailwindcss_oxide::scanner: Discovering "E:\\Workspace\\Templates\\Weave\\apps\\nexpo\\nextWeb\\src\\pages"
2025-11-07T14:40:16.944416Z  INFO get_files:scan_sources: tailwindcss_oxide::scanner: Discovering "E:\\Workspace\\Templates\\Weave\\apps\\nexpo\\nextWeb\\styles"
2025-11-07T14:40:16.944665Z  INFO get_files:scan_sources: tailwindcss_oxide::scanner: Discovering "E:\\Workspace\\Templates\\Weave\\apps\\nexpo\\nextWeb\\types"
2025-11-07T14:40:16.944891Z  INFO get_files:scan_sources: tailwindcss_oxide::scanner: exit
2025-11-07T14:40:16.945486Z  INFO get_files: tailwindcss_oxide::scanner: exit
2025-11-07T14:40:16.945724Z  INFO get_globs: tailwindcss_oxide::scanner: enter
2025-11-07T14:40:16.945750Z  INFO get_globs: tailwindcss_oxide::scanner: exit
2025-11-07T14:40:25.002034Z  INFO scan_sources: tailwindcss_oxide::scanner: enter
2025-11-07T14:40:25.004968Z  INFO scan_sources: tailwindcss_oxide::scanner: Discovering "E:\\Workspace\\Templates\\Weave\\apps\\nexpo\\nextWeb\\components"
2025-11-07T14:40:25.005905Z  INFO scan_sources: tailwindcss_oxide::scanner: Discovering "E:\\Workspace\\Templates\\Weave\\apps\\nexpo\\nextWeb\\package.json"
2025-11-07T14:40:25.006136Z  INFO scan_sources: tailwindcss_oxide::scanner: Discovering "E:\\Workspace\\Templates\\Weave\\apps\\nexpo\\nextWeb\\pages"
2025-11-07T14:40:25.006450Z  INFO scan_sources: tailwindcss_oxide::scanner: Discovering "E:\\Workspace\\Templates\\Weave\\apps\\nexpo\\nextWeb\\pages\\api"
2025-11-07T14:40:25.006698Z  INFO scan_sources: tailwindcss_oxide::scanner: Discovering "E:\\Workspace\\Templates\\Weave\\apps\\nexpo\\nextWeb\\pages\\api\\auth"
2025-11-07T14:40:25.007503Z  INFO scan_sources: tailwindcss_oxide::scanner: Discovering "E:\\Workspace\\Templates\\Weave\\apps\\nexpo\\nextWeb\\pages\\web-exclusive"
2025-11-07T14:40:25.007964Z  INFO scan_sources: tailwindcss_oxide::scanner: Discovering "E:\\Workspace\\Templates\\Weave\\apps\\nexpo\\nextWeb\\public"
2025-11-07T14:40:25.008385Z  INFO scan_sources: tailwindcss_oxide::scanner: Discovering "E:\\Workspace\\Templates\\Weave\\apps\\nexpo\\nextWeb\\SEO"
2025-11-07T14:40:25.008680Z  INFO scan_sources: tailwindcss_oxide::scanner: Discovering "E:\\Workspace\\Templates\\Weave\\apps\\nexpo\\nextWeb\\src"
2025-11-07T14:40:25.008830Z  INFO scan_sources: tailwindcss_oxide::scanner: Discovering "E:\\Workspace\\Templates\\Weave\\apps\\nexpo\\nextWeb\\src\\components"
2025-11-07T14:40:25.009017Z  INFO scan_sources: tailwindcss_oxide::scanner: Discovering "E:\\Workspace\\Templates\\Weave\\apps\\nexpo\\nextWeb\\src\\components\\desktop"
2025-11-07T14:40:25.009402Z  INFO scan_sources: tailwindcss_oxide::scanner: Discovering "E:\\Workspace\\Templates\\Weave\\apps\\nexpo\\nextWeb\\src\\hooks"
2025-11-07T14:40:25.009682Z  INFO scan_sources: tailwindcss_oxide::scanner: Discovering "E:\\Workspace\\Templates\\Weave\\apps\\nexpo\\nextWeb\\src\\pages"
2025-11-07T14:40:25.010019Z  INFO scan_sources: tailwindcss_oxide::scanner: Discovering "E:\\Workspace\\Templates\\Weave\\apps\\nexpo\\nextWeb\\styles"
2025-11-07T14:40:25.010350Z  INFO scan_sources: tailwindcss_oxide::scanner: Discovering "E:\\Workspace\\Templates\\Weave\\apps\\nexpo\\nextWeb\\types"
2025-11-07T14:40:25.010650Z  INFO scan_sources: tailwindcss_oxide::scanner: exit
2025-11-07T14:40:25.010671Z  INFO extract_candidates: tailwindcss_oxide::scanner: enter
2025-11-07T14:40:25.010679Z  INFO extract_candidates:read_all_files: tailwindcss_oxide::scanner: enter
2025-11-07T14:40:25.010685Z  INFO extract_candidates:read_all_files: tailwindcss_oxide::scanner: Reading 1 file(s)
2025-11-07T14:40:25.010775Z  INFO extract_candidates:read_all_files: tailwindcss_oxide::scanner: Reading "E:\\Workspace\\Templates\\Weave\\apps\\nexpo\\nextWeb\\package.json"
2025-11-07T14:40:25.010791Z  INFO extract_candidates:read_all_files: tailwindcss_oxide::scanner: exit
2025-11-07T14:40:25.010799Z  INFO extract_candidates:parse_all_blobs: tailwindcss_oxide::scanner: enter
2025-11-07T14:40:25.010806Z  INFO extract_candidates:parse_all_blobs:extract: tailwindcss_oxide::scanner: enter
2025-11-07T14:40:25.011325Z  INFO extract_candidates:parse_all_blobs:extract: tailwindcss_oxide::scanner: exit
2025-11-07T14:40:25.011367Z  INFO extract_candidates:parse_all_blobs: tailwindcss_oxide::scanner: exit
2025-11-07T14:40:25.011654Z  INFO extract_candidates: tailwindcss_oxide::scanner: exit
2025-11-07T14:40:25.012280Z  INFO get_files: tailwindcss_oxide::scanner: enter
2025-11-07T14:40:25.012351Z  INFO get_files:scan_sources: tailwindcss_oxide::scanner: enter
2025-11-07T14:40:25.013856Z  INFO get_files:scan_sources: tailwindcss_oxide::scanner: Discovering "E:\\Workspace\\Templates\\Weave\\apps\\nexpo\\nextWeb\\components"
2025-11-07T14:40:25.014683Z  INFO get_files:scan_sources: tailwindcss_oxide::scanner: Discovering "E:\\Workspace\\Templates\\Weave\\apps\\nexpo\\nextWeb\\pages"
2025-11-07T14:40:25.014927Z  INFO get_files:scan_sources: tailwindcss_oxide::scanner: Discovering "E:\\Workspace\\Templates\\Weave\\apps\\nexpo\\nextWeb\\pages\\api"
2025-11-07T14:40:25.015099Z  INFO get_files:scan_sources: tailwindcss_oxide::scanner: Discovering "E:\\Workspace\\Templates\\Weave\\apps\\nexpo\\nextWeb\\pages\\api\\auth"
2025-11-07T14:40:25.015787Z  INFO get_files:scan_sources: tailwindcss_oxide::scanner: Discovering "E:\\Workspace\\Templates\\Weave\\apps\\nexpo\\nextWeb\\pages\\web-exclusive"
2025-11-07T14:40:25.016107Z  INFO get_files:scan_sources: tailwindcss_oxide::scanner: Discovering "E:\\Workspace\\Templates\\Weave\\apps\\nexpo\\nextWeb\\public"
2025-11-07T14:40:25.016311Z  INFO get_files:scan_sources: tailwindcss_oxide::scanner: Discovering "E:\\Workspace\\Templates\\Weave\\apps\\nexpo\\nextWeb\\SEO"
2025-11-07T14:40:25.016585Z  INFO get_files:scan_sources: tailwindcss_oxide::scanner: Discovering "E:\\Workspace\\Templates\\Weave\\apps\\nexpo\\nextWeb\\src"
2025-11-07T14:40:25.016741Z  INFO get_files:scan_sources: tailwindcss_oxide::scanner: Discovering "E:\\Workspace\\Templates\\Weave\\apps\\nexpo\\nextWeb\\src\\components"
2025-11-07T14:40:25.016949Z  INFO get_files:scan_sources: tailwindcss_oxide::scanner: Discovering "E:\\Workspace\\Templates\\Weave\\apps\\nexpo\\nextWeb\\src\\components\\desktop"
2025-11-07T14:40:25.017472Z  INFO get_files:scan_sources: tailwindcss_oxide::scanner: Discovering "E:\\Workspace\\Templates\\Weave\\apps\\nexpo\\nextWeb\\src\\hooks"
2025-11-07T14:40:25.017767Z  INFO get_files:scan_sources: tailwindcss_oxide::scanner: Discovering "E:\\Workspace\\Templates\\Weave\\apps\\nexpo\\nextWeb\\src\\pages"
2025-11-07T14:40:25.018172Z  INFO get_files:scan_sources: tailwindcss_oxide::scanner: Discovering "E:\\Workspace\\Templates\\Weave\\apps\\nexpo\\nextWeb\\styles"
2025-11-07T14:40:25.018625Z  INFO get_files:scan_sources: tailwindcss_oxide::scanner: Discovering "E:\\Workspace\\Templates\\Weave\\apps\\nexpo\\nextWeb\\types"
2025-11-07T14:40:25.019042Z  INFO get_files:scan_sources: tailwindcss_oxide::scanner: exit
2025-11-07T14:40:25.019491Z  INFO get_files: tailwindcss_oxide::scanner: exit
2025-11-07T14:40:25.019776Z  INFO get_globs: tailwindcss_oxide::scanner: enter
2025-11-07T14:40:25.019803Z  INFO get_globs: tailwindcss_oxide::scanner: exit
